<?xml version="1.0" encoding="UTF-8"?>
<!-- Generated by org.testng.reporters.JUnitReportReporter -->
<testsuite hostname="DESKTOP-PJ6KA8H" failures="0" tests="1" name="com.test.TestCases.TC_LoginTest_001" time="2.585" errors="0" timestamp="20 Feb 2022 10:46:27 GMT" skipped="0">
  <testcase classname="com.test.TestCases.TC_LoginTest_001" name="loginTest" time="2.585"/>
</testsuite> <!-- com.test.TestCases.TC_LoginTest_001 -->
